<?xml version="1.0" encoding="UTF-8"?>
<!-- Generated by org.testng.reporters.JUnitReportReporter -->
<testsuite hostname="picco" failures="0" tests="18" name="testNG.MyshaaJob" time="2.497" errors="1" timestamp="2023-01-31T18:54:45 IST" skipped="17">
  <testcase classname="testNG.MyshaaJob" name="launchTheBrowser" time="2.497">
    <error message="no such window: target window already closed
from unknown error: web view not found
  (Session info: chrome=109.0.5414.74)
Build info: version: &#039;4.7.2&#039;, revision: &#039;4d4020c3b7&#039;
System info: os.name: &#039;Linux&#039;, os.arch: &#039;amd64&#039;, os.version: &#039;5.15.0-58-generic&#039;, java.version: &#039;17.0.5&#039;
Driver info: org.openqa.selenium.chrome.ChromeDriver
Command: [e1f3bec0672db9ce49458679492a9f27, maximizeCurrentWindow {}]
Capabilities {acceptInsecureCerts: false, browserName: chrome, browserVersion: 109.0.5414.74, chrome: {chromedriverVersion: 109.0.5414.74 (e7c5703604da..., userDataDir: /tmp/.com.google.Chrome.NG6d5s}, goog:chromeOptions: {debuggerAddress: localhost:42667}, networkConnectionEnabled: false, pageLoadStrategy: normal, platformName: LINUX, proxy: Proxy(), se:cdp: ws://localhost:42667/devtoo..., se:cdpVersion: 109.0.5414.74, setWindowRect: true, strictFileInteractability: false, timeouts: {implicit: 0, pageLoad: 300000, script: 30000}, unhandledPromptBehavior: dismiss and notify, webauthn:extension:credBlob: true, webauthn:extension:largeBlob: true, webauthn:virtualAuthenticators: true}
Session ID: e1f3bec0672db9ce49458679492a9f27" type="org.openqa.selenium.NoSuchWindowException">
      <![CDATA[org.openqa.selenium.NoSuchWindowException: no such window: target window already closed
from unknown error: web view not found
  (Session info: chrome=109.0.5414.74)
Build info: version: '4.7.2', revision: '4d4020c3b7'
System info: os.name: 'Linux', os.arch: 'amd64', os.version: '5.15.0-58-generic', java.version: '17.0.5'
Driver info: org.openqa.selenium.chrome.ChromeDriver
Command: [e1f3bec0672db9ce49458679492a9f27, maximizeCurrentWindow {}]
Capabilities {acceptInsecureCerts: false, browserName: chrome, browserVersion: 109.0.5414.74, chrome: {chromedriverVersion: 109.0.5414.74 (e7c5703604da..., userDataDir: /tmp/.com.google.Chrome.NG6d5s}, goog:chromeOptions: {debuggerAddress: localhost:42667}, networkConnectionEnabled: false, pageLoadStrategy: normal, platformName: LINUX, proxy: Proxy(), se:cdp: ws://localhost:42667/devtoo..., se:cdpVersion: 109.0.5414.74, setWindowRect: true, strictFileInteractability: false, timeouts: {implicit: 0, pageLoad: 300000, script: 30000}, unhandledPromptBehavior: dismiss and notify, webauthn:extension:credBlob: true, webauthn:extension:largeBlob: true, webauthn:virtualAuthenticators: true}
Session ID: e1f3bec0672db9ce49458679492a9f27
at java.base/jdk.internal.reflect.NativeConstructorAccessorImpl.newInstance0(Native Method)
at java.base/jdk.internal.reflect.NativeConstructorAccessorImpl.newInstance(NativeConstructorAccessorImpl.java:77)
at java.base/jdk.internal.reflect.DelegatingConstructorAccessorImpl.newInstance(DelegatingConstructorAccessorImpl.java:45)
at java.base/java.lang.reflect.Constructor.newInstanceWithCaller(Constructor.java:499)
at java.base/java.lang.reflect.Constructor.newInstance(Constructor.java:480)
at org.openqa.selenium.remote.codec.w3c.W3CHttpResponseCodec.createException(W3CHttpResponseCodec.java:200)
at org.openqa.selenium.remote.codec.w3c.W3CHttpResponseCodec.decode(W3CHttpResponseCodec.java:133)
at org.openqa.selenium.remote.codec.w3c.W3CHttpResponseCodec.decode(W3CHttpResponseCodec.java:53)
at org.openqa.selenium.remote.HttpCommandExecutor.execute(HttpCommandExecutor.java:184)
at org.openqa.selenium.remote.service.DriverCommandExecutor.invokeExecute(DriverCommandExecutor.java:167)
at org.openqa.selenium.remote.service.DriverCommandExecutor.execute(DriverCommandExecutor.java:142)
at org.openqa.selenium.remote.RemoteWebDriver.execute(RemoteWebDriver.java:535)
at org.openqa.selenium.remote.RemoteWebDriver.execute(RemoteWebDriver.java:590)
at org.openqa.selenium.remote.RemoteWebDriver.execute(RemoteWebDriver.java:594)
at org.openqa.selenium.remote.RemoteWebDriver$RemoteWebDriverOptions$RemoteWindow.maximize(RemoteWebDriver.java:946)
at testNG.MyshaaJob.launchTheBrowser(MyshaaJob.java:28)
at java.base/jdk.internal.reflect.NativeMethodAccessorImpl.invoke0(Native Method)
at java.base/jdk.internal.reflect.NativeMethodAccessorImpl.invoke(NativeMethodAccessorImpl.java:77)
at java.base/jdk.internal.reflect.DelegatingMethodAccessorImpl.invoke(DelegatingMethodAccessorImpl.java:43)
at java.base/java.lang.reflect.Method.invoke(Method.java:568)
at org.testng.internal.MethodInvocationHelper.invokeMethod(MethodInvocationHelper.java:132)
at org.testng.internal.MethodInvocationHelper.invokeMethodConsideringTimeout(MethodInvocationHelper.java:61)
at org.testng.internal.ConfigInvoker.invokeConfigurationMethod(ConfigInvoker.java:366)
at org.testng.internal.ConfigInvoker.invokeConfigurations(ConfigInvoker.java:320)
at org.testng.SuiteRunner.privateRun(SuiteRunner.java:327)
at org.testng.SuiteRunner.run(SuiteRunner.java:286)
at org.testng.SuiteRunnerWorker.runSuite(SuiteRunnerWorker.java:53)
at org.testng.SuiteRunnerWorker.run(SuiteRunnerWorker.java:96)
at org.testng.TestNG.runSuitesSequentially(TestNG.java:1218)
at org.testng.TestNG.runSuitesLocally(TestNG.java:1140)
at org.testng.TestNG.runSuites(TestNG.java:1069)
at org.testng.TestNG.run(TestNG.java:1037)
at org.testng.remote.AbstractRemoteTestNG.run(AbstractRemoteTestNG.java:115)
at org.testng.remote.RemoteTestNG.initAndRun(RemoteTestNG.java:251)
at org.testng.remote.RemoteTestNG.main(RemoteTestNG.java:77)
]]>
    </error>
  </testcase> <!-- launchTheBrowser -->
  <system-out/>
  <testcase classname="testNG.MyshaaJob" name="LoginPage" time="0.000">
    <skipped/>
  </testcase> <!-- LoginPage -->
  <system-out/>
  <testcase classname="testNG.MyshaaJob" name="jobPage" time="0.000">
    <skipped/>
  </testcase> <!-- jobPage -->
  <system-out/>
  <testcase classname="testNG.MyshaaJob" name="createButton" time="0.000">
    <skipped/>
  </testcase> <!-- createButton -->
  <system-out/>
  <testcase classname="testNG.MyshaaJob" name="company" time="0.000">
    <skipped/>
  </testcase> <!-- company -->
  <system-out/>
  <testcase classname="testNG.MyshaaJob" name="jobTittle" time="0.000">
    <skipped/>
  </testcase> <!-- jobTittle -->
  <system-out/>
  <testcase classname="testNG.MyshaaJob" name="jobRole" time="0.000">
    <skipped/>
  </testcase> <!-- jobRole -->
  <system-out/>
  <testcase classname="testNG.MyshaaJob" name="jobDescription" time="0.000">
    <skipped/>
  </testcase> <!-- jobDescription -->
  <system-out/>
  <testcase classname="testNG.MyshaaJob" name="primary" time="0.000">
    <skipped/>
  </testcase> <!-- primary -->
  <system-out/>
  <testcase classname="testNG.MyshaaJob" name="secondarySkills" time="0.000">
    <skipped/>
  </testcase> <!-- secondarySkills -->
  <system-out/>
  <testcase classname="testNG.MyshaaJob" name="otherSkills" time="0.000">
    <skipped/>
  </testcase> <!-- otherSkills -->
  <system-out/>
  <testcase classname="testNG.MyshaaJob" name="jobLocation" time="0.000">
    <skipped/>
  </testcase> <!-- jobLocation -->
  <system-out/>
  <testcase classname="testNG.MyshaaJob" name="calendar" time="0.000">
    <skipped/>
  </testcase> <!-- calendar -->
  <system-out/>
  <testcase classname="testNG.MyshaaJob" name="cadidatesReq" time="0.000">
    <skipped/>
  </testcase> <!-- cadidatesReq -->
  <system-out/>
  <testcase classname="testNG.MyshaaJob" name="workExprience" time="0.000">
    <skipped/>
  </testcase> <!-- workExprience -->
  <system-out/>
  <testcase classname="testNG.MyshaaJob" name="salaryRange" time="0.000">
    <skipped/>
  </testcase> <!-- salaryRange -->
  <system-out/>
  <testcase classname="testNG.MyshaaJob" name="save" time="0.000">
    <skipped/>
  </testcase> <!-- save -->
  <system-out/>
  <testcase classname="testNG.MyshaaJob" name="industry" time="0.000">
    <skipped/>
  </testcase> <!-- industry -->
  <system-out/>
</testsuite> <!-- testNG.MyshaaJob -->
