<?xml version="1.0" encoding="UTF-8"?>
<!-- Generated by org.testng.reporters.JUnitXMLReporter -->
<testsuite ignored="0" hostname="Naveen" failures="1" tests="10" name="SpurtTest" time="20.434" errors="0" timestamp="2023-03-22T18:35:47 IST">
  <testcase classname="TestCases.ElectronicsTC" name="buySuroskie" time="10.873">
    <failure type="org.openqa.selenium.NoSuchElementException" message="no such element: Unable to locate element: {&amp;quot;method&amp;quot;:&amp;quot;xpath&amp;quot;,&amp;quot;selector&amp;quot;:&amp;quot;//button[contains(@class,&amp;apos;mat-focus-indicator mat-menu-trigger&amp;apos;)]&amp;quot;}
  (Session info: MicrosoftEdge=111.0.1661.44)
For documentation on this error, please visit: https://selenium.dev/exceptions/#no_such_element
Build info: version: &amp;apos;4.7.2&amp;apos;, revision: &amp;apos;4d4020c3b7&amp;apos;
System info: os.name: &amp;apos;Windows 10&amp;apos;, os.arch: &amp;apos;amd64&amp;apos;, os.version: &amp;apos;10.0&amp;apos;, java.version: &amp;apos;17.0.6&amp;apos;
Driver info: org.openqa.selenium.edge.EdgeDriver
Command: [cf264a72a85a11422b66b59a222b81bf, findElement {using=xpath, value=//button[contains(@class,&amp;apos;mat-focus-indicator mat-menu-trigger&amp;apos;)]}]
Capabilities {acceptInsecureCerts: false, browserName: msedge, browserVersion: 111.0.1661.44, ms:edgeOptions: {debuggerAddress: localhost:50939}, msedge: {msedgedriverVersion: 111.0.1661.44 (fc2a57ec5a41..., userDataDir: C:\Users\Picco\AppData\Loca...}, networkConnectionEnabled: false, pageLoadStrategy: normal, platformName: WINDOWS, proxy: Proxy(), se:cdp: ws://localhost:50939/devtoo..., se:cdpVersion: 111.0.1661.44, setWindowRect: true, strictFileInteractability: false, timeouts: {implicit: 0, pageLoad: 300000, script: 30000}, unhandledPromptBehavior: dismiss and notify, webauthn:extension:credBlob: true, webauthn:extension:largeBlob: true, webauthn:extension:minPinLength: true, webauthn:extension:prf: true, webauthn:virtualAuthenticators: true}
Session ID: cf264a72a85a11422b66b59a222b81bf">
      <![CDATA[org.openqa.selenium.NoSuchElementException: no such element: Unable to locate element: {"method":"xpath","selector":"//button[contains(@class,'mat-focus-indicator mat-menu-trigger')]"}
  (Session info: MicrosoftEdge=111.0.1661.44)
For documentation on this error, please visit: https://selenium.dev/exceptions/#no_such_element
Build info: version: '4.7.2', revision: '4d4020c3b7'
System info: os.name: 'Windows 10', os.arch: 'amd64', os.version: '10.0', java.version: '17.0.6'
Driver info: org.openqa.selenium.edge.EdgeDriver
Command: [cf264a72a85a11422b66b59a222b81bf, findElement {using=xpath, value=//button[contains(@class,'mat-focus-indicator mat-menu-trigger')]}]
Capabilities {acceptInsecureCerts: false, browserName: msedge, browserVersion: 111.0.1661.44, ms:edgeOptions: {debuggerAddress: localhost:50939}, msedge: {msedgedriverVersion: 111.0.1661.44 (fc2a57ec5a41..., userDataDir: C:\Users\Picco\AppData\Loca...}, networkConnectionEnabled: false, pageLoadStrategy: normal, platformName: WINDOWS, proxy: Proxy(), se:cdp: ws://localhost:50939/devtoo..., se:cdpVersion: 111.0.1661.44, setWindowRect: true, strictFileInteractability: false, timeouts: {implicit: 0, pageLoad: 300000, script: 30000}, unhandledPromptBehavior: dismiss and notify, webauthn:extension:credBlob: true, webauthn:extension:largeBlob: true, webauthn:extension:minPinLength: true, webauthn:extension:prf: true, webauthn:virtualAuthenticators: true}
Session ID: cf264a72a85a11422b66b59a222b81bf
at org.openqa.selenium.remote.codec.w3c.W3CHttpResponseCodec.createException(W3CHttpResponseCodec.java:200)
at org.openqa.selenium.remote.codec.w3c.W3CHttpResponseCodec.decode(W3CHttpResponseCodec.java:133)
at org.openqa.selenium.remote.codec.w3c.W3CHttpResponseCodec.decode(W3CHttpResponseCodec.java:53)
at org.openqa.selenium.remote.HttpCommandExecutor.execute(HttpCommandExecutor.java:184)
at org.openqa.selenium.remote.service.DriverCommandExecutor.invokeExecute(DriverCommandExecutor.java:167)
at org.openqa.selenium.remote.service.DriverCommandExecutor.execute(DriverCommandExecutor.java:142)
at org.openqa.selenium.remote.RemoteWebDriver.execute(RemoteWebDriver.java:535)
at org.openqa.selenium.remote.ElementLocation$ElementFinder$2.findElement(ElementLocation.java:162)
at org.openqa.selenium.remote.ElementLocation.findElement(ElementLocation.java:60)
at org.openqa.selenium.remote.RemoteWebDriver.findElement(RemoteWebDriver.java:351)
at org.openqa.selenium.remote.RemoteWebDriver.findElement(RemoteWebDriver.java:343)
at org.openqa.selenium.support.pagefactory.DefaultElementLocator.findElement(DefaultElementLocator.java:70)
at org.openqa.selenium.support.pagefactory.internal.LocatingElementHandler.invoke(LocatingElementHandler.java:39)
at jdk.proxy2/jdk.proxy2.$Proxy23.click(Unknown Source)
at pageObjects.ElectronicsOBJ.allCategories(ElectronicsOBJ.java:101)
at TestCases.ElectronicsTC.buySuroskie(ElectronicsTC.java:355)
at java.base/java.util.ArrayList.forEach(ArrayList.java:1511)
... Removed 32 stack frames]]>
    </failure>
  </testcase> <!-- buySuroskie -->
  <testcase classname="TestCases.ElectronicsTC" name="buyOneplusBand" time="0.0">
    <skipped/>
  </testcase> <!-- buyOneplusBand -->
  <testcase classname="TestCases.ElectronicsTC" name="buyMotorola" time="0.0">
    <skipped/>
  </testcase> <!-- buyMotorola -->
  <testcase classname="TestCases.ElectronicsTC" name="buyBoatSpeaker" time="0.0">
    <skipped/>
  </testcase> <!-- buyBoatSpeaker -->
  <testcase classname="TestCases.ElectronicsTC" name="buySonyTv" time="0.0">
    <skipped/>
  </testcase> <!-- buySonyTv -->
  <testcase classname="TestCases.ElectronicsTC" name="buyAmazonTv" time="0.0">
    <skipped/>
  </testcase> <!-- buyAmazonTv -->
  <testcase classname="TestCases.ElectronicsTC" name="buyTvWallMount" time="0.0">
    <skipped/>
  </testcase> <!-- buyTvWallMount -->
  <testcase classname="TestCases.ElectronicsTC" name="buyPluto" time="0.0">
    <skipped/>
  </testcase> <!-- buyPluto -->
  <testcase classname="TestCases.ElectronicsTC" name="buySpeakerPrdt" time="0.0">
    <skipped/>
  </testcase> <!-- buySpeakerPrdt -->
  <testcase classname="TestCases.ElectronicsTC" name="buyAcidEye" time="0.0">
    <skipped/>
  </testcase> <!-- buyAcidEye -->
</testsuite> <!-- SpurtTest -->
